<?xml version="1.0" encoding="UTF-8"?>
<!-- Generated by org.testng.reporters.JUnitXMLReporter -->
<testsuite ignored="0" hostname="user" failures="0" tests="3" name="Test" time="19.523" errors="0" timestamp="2020-12-14T20:37:20 IST">
  <testcase classname="Manivasagam.titlevalidation" name="basenavigation" time="0.056"/>
  <testcase classname="Manivasagam.homepage" name="basenavigation" time="4.222"/>
  <testcase classname="Manivasagam.homepage" name="basenavigation" time="1.172"/>
</testsuite> <!-- Test -->
