<?xml version="1.0" encoding="UTF-8"?>
<!-- Generated by org.testng.reporters.JUnitXMLReporter -->
<testsuite ignored="0" hostname="user" failures="0" tests="2" name="Validating title of QAclick Academy" time="17.404" errors="0" timestamp="2021-01-08T17:38:53 IST">
  <testcase classname="io.cucumber.testng.AbstractTestNGCucumberTests" name="runScenario" time="10.772"/>
  <testcase classname="io.cucumber.testng.AbstractTestNGCucumberTests" name="runScenario" time="6.386"/>
</testsuite> <!-- Validating title of QAclick Academy -->
